<?xml version="1.0" encoding="UTF-8"?>
<testng-results ignored="0" total="18" passed="18" failed="0" skipped="0">
  <reporter-output>
  </reporter-output>
  <suite started-at="2026-05-25T04:19:43 WIB" name="Suite Ujian Minggu 3 - achmadqiz" finished-at="2026-05-25T04:20:26 WIB" duration-ms="42745">
    <groups>
      <group name="negative">
        <method signature="LoginTest.testLoginPasswordSalah()[pri:2, instance:juaracoding.achmadqiz.LoginTest@595b007d]" name="testLoginPasswordSalah" class="juaracoding.achmadqiz.LoginTest"/>
        <method signature="LoginTest.testLoginUsernameTidakTerdaftar()[pri:3, instance:juaracoding.achmadqiz.LoginTest@595b007d]" name="testLoginUsernameTidakTerdaftar" class="juaracoding.achmadqiz.LoginTest"/>
        <method signature="LoginTest.testLoginAkunTerkunci()[pri:4, instance:juaracoding.achmadqiz.LoginTest@595b007d]" name="testLoginAkunTerkunci" class="juaracoding.achmadqiz.LoginTest"/>
        <method signature="LoginTest.testLoginUsernameKosong()[pri:5, instance:juaracoding.achmadqiz.LoginTest@595b007d]" name="testLoginUsernameKosong" class="juaracoding.achmadqiz.LoginTest"/>
        <method signature="LoginTest.testLoginPasswordKosong()[pri:6, instance:juaracoding.achmadqiz.LoginTest@595b007d]" name="testLoginPasswordKosong" class="juaracoding.achmadqiz.LoginTest"/>
        <method signature="LoginTest.testLoginUsernameDanPasswordKosong()[pri:7, instance:juaracoding.achmadqiz.LoginTest@595b007d]" name="testLoginUsernameDanPasswordKosong" class="juaracoding.achmadqiz.LoginTest"/>
        <method signature="LoginTest.testLoginUsernameCaseSensitive()[pri:8, instance:juaracoding.achmadqiz.LoginTest@595b007d]" name="testLoginUsernameCaseSensitive" class="juaracoding.achmadqiz.LoginTest"/>
        <method signature="LoginTest.testLoginPasswordCaseSensitive()[pri:9, instance:juaracoding.achmadqiz.LoginTest@595b007d]" name="testLoginPasswordCaseSensitive" class="juaracoding.achmadqiz.LoginTest"/>
        <method signature="LoginTest.testLoginUsernameFormatEmailTidakTerdaftar()[pri:10, instance:juaracoding.achmadqiz.LoginTest@595b007d]" name="testLoginUsernameFormatEmailTidakTerdaftar" class="juaracoding.achmadqiz.LoginTest"/>
        <method signature="AddToCartTest.testAddToCartNegatifAkunTerkunci()[pri:2, instance:juaracoding.achmadqiz.AddToCartTest@3c46e67a]" name="testAddToCartNegatifAkunTerkunci" class="juaracoding.achmadqiz.AddToCartTest"/>
        <method signature="AddToCartTest.testAddToCartNegatifTanpaLogin()[pri:3, instance:juaracoding.achmadqiz.AddToCartTest@3c46e67a]" name="testAddToCartNegatifTanpaLogin" class="juaracoding.achmadqiz.AddToCartTest"/>
      </group> <!-- negative -->
      <group name="regression">
        <method signature="LoginTest.testLoginPasswordSalah()[pri:2, instance:juaracoding.achmadqiz.LoginTest@595b007d]" name="testLoginPasswordSalah" class="juaracoding.achmadqiz.LoginTest"/>
        <method signature="LoginTest.testLoginUsernameTidakTerdaftar()[pri:3, instance:juaracoding.achmadqiz.LoginTest@595b007d]" name="testLoginUsernameTidakTerdaftar" class="juaracoding.achmadqiz.LoginTest"/>
        <method signature="LoginTest.testLoginAkunTerkunci()[pri:4, instance:juaracoding.achmadqiz.LoginTest@595b007d]" name="testLoginAkunTerkunci" class="juaracoding.achmadqiz.LoginTest"/>
        <method signature="LoginTest.testLoginUsernameKosong()[pri:5, instance:juaracoding.achmadqiz.LoginTest@595b007d]" name="testLoginUsernameKosong" class="juaracoding.achmadqiz.LoginTest"/>
        <method signature="LoginTest.testLoginPasswordKosong()[pri:6, instance:juaracoding.achmadqiz.LoginTest@595b007d]" name="testLoginPasswordKosong" class="juaracoding.achmadqiz.LoginTest"/>
        <method signature="LoginTest.testLoginUsernameDanPasswordKosong()[pri:7, instance:juaracoding.achmadqiz.LoginTest@595b007d]" name="testLoginUsernameDanPasswordKosong" class="juaracoding.achmadqiz.LoginTest"/>
        <method signature="LoginTest.testLoginUsernameCaseSensitive()[pri:8, instance:juaracoding.achmadqiz.LoginTest@595b007d]" name="testLoginUsernameCaseSensitive" class="juaracoding.achmadqiz.LoginTest"/>
        <method signature="LoginTest.testLoginPasswordCaseSensitive()[pri:9, instance:juaracoding.achmadqiz.LoginTest@595b007d]" name="testLoginPasswordCaseSensitive" class="juaracoding.achmadqiz.LoginTest"/>
        <method signature="LoginTest.testLoginUsernameFormatEmailTidakTerdaftar()[pri:10, instance:juaracoding.achmadqiz.LoginTest@595b007d]" name="testLoginUsernameFormatEmailTidakTerdaftar" class="juaracoding.achmadqiz.LoginTest"/>
        <method signature="AddToCartTest.testAddToCartNegatifAkunTerkunci()[pri:2, instance:juaracoding.achmadqiz.AddToCartTest@3c46e67a]" name="testAddToCartNegatifAkunTerkunci" class="juaracoding.achmadqiz.AddToCartTest"/>
        <method signature="AddToCartTest.testAddToCartNegatifTanpaLogin()[pri:3, instance:juaracoding.achmadqiz.AddToCartTest@3c46e67a]" name="testAddToCartNegatifTanpaLogin" class="juaracoding.achmadqiz.AddToCartTest"/>
        <method signature="AddToCartTest.testAddDuaProdukKeCart()[pri:4, instance:juaracoding.achmadqiz.AddToCartTest@3c46e67a]" name="testAddDuaProdukKeCart" class="juaracoding.achmadqiz.AddToCartTest"/>
        <method signature="AddToCartTest.testRemoveProdukSetelahAddToCart()[pri:5, instance:juaracoding.achmadqiz.AddToCartTest@3c46e67a]" name="testRemoveProdukSetelahAddToCart" class="juaracoding.achmadqiz.AddToCartTest"/>
        <method signature="AddToCartTest.testProdukTampilDiHalamanCart()[pri:6, instance:juaracoding.achmadqiz.AddToCartTest@3c46e67a]" name="testProdukTampilDiHalamanCart" class="juaracoding.achmadqiz.AddToCartTest"/>
        <method signature="AddToCartTest.testRemoveSatuDariDuaProduk()[pri:7, instance:juaracoding.achmadqiz.AddToCartTest@3c46e67a]" name="testRemoveSatuDariDuaProduk" class="juaracoding.achmadqiz.AddToCartTest"/>
        <method signature="AddToCartTest.testCartKosongTanpaAddProduk()[pri:8, instance:juaracoding.achmadqiz.AddToCartTest@3c46e67a]" name="testCartKosongTanpaAddProduk" class="juaracoding.achmadqiz.AddToCartTest"/>
      </group> <!-- regression -->
      <group name="smoke">
        <method signature="LoginTest.testLoginPositif()[pri:1, instance:juaracoding.achmadqiz.LoginTest@595b007d]" name="testLoginPositif" class="juaracoding.achmadqiz.LoginTest"/>
        <method signature="AddToCartTest.testAddToCartPositif()[pri:1, instance:juaracoding.achmadqiz.AddToCartTest@3c46e67a]" name="testAddToCartPositif" class="juaracoding.achmadqiz.AddToCartTest"/>
      </group> <!-- smoke -->
      <group name="positive">
        <method signature="LoginTest.testLoginPositif()[pri:1, instance:juaracoding.achmadqiz.LoginTest@595b007d]" name="testLoginPositif" class="juaracoding.achmadqiz.LoginTest"/>
        <method signature="AddToCartTest.testAddToCartPositif()[pri:1, instance:juaracoding.achmadqiz.AddToCartTest@3c46e67a]" name="testAddToCartPositif" class="juaracoding.achmadqiz.AddToCartTest"/>
        <method signature="AddToCartTest.testAddDuaProdukKeCart()[pri:4, instance:juaracoding.achmadqiz.AddToCartTest@3c46e67a]" name="testAddDuaProdukKeCart" class="juaracoding.achmadqiz.AddToCartTest"/>
        <method signature="AddToCartTest.testRemoveProdukSetelahAddToCart()[pri:5, instance:juaracoding.achmadqiz.AddToCartTest@3c46e67a]" name="testRemoveProdukSetelahAddToCart" class="juaracoding.achmadqiz.AddToCartTest"/>
        <method signature="AddToCartTest.testProdukTampilDiHalamanCart()[pri:6, instance:juaracoding.achmadqiz.AddToCartTest@3c46e67a]" name="testProdukTampilDiHalamanCart" class="juaracoding.achmadqiz.AddToCartTest"/>
        <method signature="AddToCartTest.testRemoveSatuDariDuaProduk()[pri:7, instance:juaracoding.achmadqiz.AddToCartTest@3c46e67a]" name="testRemoveSatuDariDuaProduk" class="juaracoding.achmadqiz.AddToCartTest"/>
        <method signature="AddToCartTest.testCartKosongTanpaAddProduk()[pri:8, instance:juaracoding.achmadqiz.AddToCartTest@3c46e67a]" name="testCartKosongTanpaAddProduk" class="juaracoding.achmadqiz.AddToCartTest"/>
      </group> <!-- positive -->
      <group name="login">
        <method signature="LoginTest.testLoginPositif()[pri:1, instance:juaracoding.achmadqiz.LoginTest@595b007d]" name="testLoginPositif" class="juaracoding.achmadqiz.LoginTest"/>
        <method signature="LoginTest.testLoginPasswordSalah()[pri:2, instance:juaracoding.achmadqiz.LoginTest@595b007d]" name="testLoginPasswordSalah" class="juaracoding.achmadqiz.LoginTest"/>
        <method signature="LoginTest.testLoginUsernameTidakTerdaftar()[pri:3, instance:juaracoding.achmadqiz.LoginTest@595b007d]" name="testLoginUsernameTidakTerdaftar" class="juaracoding.achmadqiz.LoginTest"/>
        <method signature="LoginTest.testLoginAkunTerkunci()[pri:4, instance:juaracoding.achmadqiz.LoginTest@595b007d]" name="testLoginAkunTerkunci" class="juaracoding.achmadqiz.LoginTest"/>
        <method signature="LoginTest.testLoginUsernameKosong()[pri:5, instance:juaracoding.achmadqiz.LoginTest@595b007d]" name="testLoginUsernameKosong" class="juaracoding.achmadqiz.LoginTest"/>
        <method signature="LoginTest.testLoginPasswordKosong()[pri:6, instance:juaracoding.achmadqiz.LoginTest@595b007d]" name="testLoginPasswordKosong" class="juaracoding.achmadqiz.LoginTest"/>
        <method signature="LoginTest.testLoginUsernameDanPasswordKosong()[pri:7, instance:juaracoding.achmadqiz.LoginTest@595b007d]" name="testLoginUsernameDanPasswordKosong" class="juaracoding.achmadqiz.LoginTest"/>
        <method signature="LoginTest.testLoginUsernameCaseSensitive()[pri:8, instance:juaracoding.achmadqiz.LoginTest@595b007d]" name="testLoginUsernameCaseSensitive" class="juaracoding.achmadqiz.LoginTest"/>
        <method signature="LoginTest.testLoginPasswordCaseSensitive()[pri:9, instance:juaracoding.achmadqiz.LoginTest@595b007d]" name="testLoginPasswordCaseSensitive" class="juaracoding.achmadqiz.LoginTest"/>
        <method signature="LoginTest.testLoginUsernameFormatEmailTidakTerdaftar()[pri:10, instance:juaracoding.achmadqiz.LoginTest@595b007d]" name="testLoginUsernameFormatEmailTidakTerdaftar" class="juaracoding.achmadqiz.LoginTest"/>
      </group> <!-- login -->
      <group name="cart">
        <method signature="AddToCartTest.testAddToCartPositif()[pri:1, instance:juaracoding.achmadqiz.AddToCartTest@3c46e67a]" name="testAddToCartPositif" class="juaracoding.achmadqiz.AddToCartTest"/>
        <method signature="AddToCartTest.testAddToCartNegatifAkunTerkunci()[pri:2, instance:juaracoding.achmadqiz.AddToCartTest@3c46e67a]" name="testAddToCartNegatifAkunTerkunci" class="juaracoding.achmadqiz.AddToCartTest"/>
        <method signature="AddToCartTest.testAddToCartNegatifTanpaLogin()[pri:3, instance:juaracoding.achmadqiz.AddToCartTest@3c46e67a]" name="testAddToCartNegatifTanpaLogin" class="juaracoding.achmadqiz.AddToCartTest"/>
        <method signature="AddToCartTest.testAddDuaProdukKeCart()[pri:4, instance:juaracoding.achmadqiz.AddToCartTest@3c46e67a]" name="testAddDuaProdukKeCart" class="juaracoding.achmadqiz.AddToCartTest"/>
        <method signature="AddToCartTest.testRemoveProdukSetelahAddToCart()[pri:5, instance:juaracoding.achmadqiz.AddToCartTest@3c46e67a]" name="testRemoveProdukSetelahAddToCart" class="juaracoding.achmadqiz.AddToCartTest"/>
        <method signature="AddToCartTest.testProdukTampilDiHalamanCart()[pri:6, instance:juaracoding.achmadqiz.AddToCartTest@3c46e67a]" name="testProdukTampilDiHalamanCart" class="juaracoding.achmadqiz.AddToCartTest"/>
        <method signature="AddToCartTest.testRemoveSatuDariDuaProduk()[pri:7, instance:juaracoding.achmadqiz.AddToCartTest@3c46e67a]" name="testRemoveSatuDariDuaProduk" class="juaracoding.achmadqiz.AddToCartTest"/>
        <method signature="AddToCartTest.testCartKosongTanpaAddProduk()[pri:8, instance:juaracoding.achmadqiz.AddToCartTest@3c46e67a]" name="testCartKosongTanpaAddProduk" class="juaracoding.achmadqiz.AddToCartTest"/>
      </group> <!-- cart -->
    </groups>
    <test started-at="2026-05-25T04:19:43 WIB" name="Login Tests" finished-at="2026-05-25T04:20:06 WIB" duration-ms="22340">
      <class name="juaracoding.achmadqiz.LoginTest">
        <test-method is-config="true" signature="setUp()[pri:0, instance:juaracoding.achmadqiz.LoginTest@595b007d]" started-at="2026-05-25T04:19:43 WIB" name="setUp" finished-at="2026-05-25T04:19:46 WIB" duration-ms="2723" status="PASS">
          <reporter-output>
          </reporter-output>
        </test-method> <!-- setUp -->
        <test-method signature="testLoginPositif()[pri:1, instance:juaracoding.achmadqiz.LoginTest@595b007d]" started-at="2026-05-25T04:19:46 WIB" name="testLoginPositif" description="TC_LOGIN_001 - Login dengan kredensial valid" finished-at="2026-05-25T04:19:47 WIB" duration-ms="615" status="PASS">
          <reporter-output>
          </reporter-output>
        </test-method> <!-- testLoginPositif -->
        <test-method is-config="true" signature="tearDown()[pri:0, instance:juaracoding.achmadqiz.LoginTest@595b007d]" started-at="2026-05-25T04:19:47 WIB" name="tearDown" finished-at="2026-05-25T04:19:47 WIB" duration-ms="211" status="PASS">
          <reporter-output>
          </reporter-output>
        </test-method> <!-- tearDown -->
        <test-method is-config="true" signature="setUp()[pri:0, instance:juaracoding.achmadqiz.LoginTest@595b007d]" started-at="2026-05-25T04:19:47 WIB" name="setUp" finished-at="2026-05-25T04:19:48 WIB" duration-ms="1317" status="PASS">
          <reporter-output>
          </reporter-output>
        </test-method> <!-- setUp -->
        <test-method signature="testLoginPasswordSalah()[pri:2, instance:juaracoding.achmadqiz.LoginTest@595b007d]" started-at="2026-05-25T04:19:48 WIB" name="testLoginPasswordSalah" description="TC_LOGIN_002 - Login dengan password salah" finished-at="2026-05-25T04:19:49 WIB" duration-ms="542" status="PASS">
          <reporter-output>
          </reporter-output>
        </test-method> <!-- testLoginPasswordSalah -->
        <test-method is-config="true" signature="tearDown()[pri:0, instance:juaracoding.achmadqiz.LoginTest@595b007d]" started-at="2026-05-25T04:19:49 WIB" name="tearDown" finished-at="2026-05-25T04:19:49 WIB" duration-ms="181" status="PASS">
          <reporter-output>
          </reporter-output>
        </test-method> <!-- tearDown -->
        <test-method is-config="true" signature="setUp()[pri:0, instance:juaracoding.achmadqiz.LoginTest@595b007d]" started-at="2026-05-25T04:19:49 WIB" name="setUp" finished-at="2026-05-25T04:19:50 WIB" duration-ms="1328" status="PASS">
          <reporter-output>
          </reporter-output>
        </test-method> <!-- setUp -->
        <test-method signature="testLoginUsernameTidakTerdaftar()[pri:3, instance:juaracoding.achmadqiz.LoginTest@595b007d]" started-at="2026-05-25T04:19:50 WIB" name="testLoginUsernameTidakTerdaftar" description="TC_LOGIN_003 - Login dengan username tidak terdaftar" finished-at="2026-05-25T04:19:51 WIB" duration-ms="547" status="PASS">
          <reporter-output>
          </reporter-output>
        </test-method> <!-- testLoginUsernameTidakTerdaftar -->
        <test-method is-config="true" signature="tearDown()[pri:0, instance:juaracoding.achmadqiz.LoginTest@595b007d]" started-at="2026-05-25T04:19:51 WIB" name="tearDown" finished-at="2026-05-25T04:19:51 WIB" duration-ms="191" status="PASS">
          <reporter-output>
          </reporter-output>
        </test-method> <!-- tearDown -->
        <test-method is-config="true" signature="setUp()[pri:0, instance:juaracoding.achmadqiz.LoginTest@595b007d]" started-at="2026-05-25T04:19:51 WIB" name="setUp" finished-at="2026-05-25T04:19:52 WIB" duration-ms="1338" status="PASS">
          <reporter-output>
          </reporter-output>
        </test-method> <!-- setUp -->
        <test-method signature="testLoginAkunTerkunci()[pri:4, instance:juaracoding.achmadqiz.LoginTest@595b007d]" started-at="2026-05-25T04:19:52 WIB" name="testLoginAkunTerkunci" description="TC_LOGIN_004 - Login dengan akun yang dikunci" finished-at="2026-05-25T04:19:53 WIB" duration-ms="562" status="PASS">
          <reporter-output>
          </reporter-output>
        </test-method> <!-- testLoginAkunTerkunci -->
        <test-method is-config="true" signature="tearDown()[pri:0, instance:juaracoding.achmadqiz.LoginTest@595b007d]" started-at="2026-05-25T04:19:53 WIB" name="tearDown" finished-at="2026-05-25T04:19:53 WIB" duration-ms="183" status="PASS">
          <reporter-output>
          </reporter-output>
        </test-method> <!-- tearDown -->
        <test-method is-config="true" signature="setUp()[pri:0, instance:juaracoding.achmadqiz.LoginTest@595b007d]" started-at="2026-05-25T04:19:53 WIB" name="setUp" finished-at="2026-05-25T04:19:54 WIB" duration-ms="1342" status="PASS">
          <reporter-output>
          </reporter-output>
        </test-method> <!-- setUp -->
        <test-method signature="testLoginUsernameKosong()[pri:5, instance:juaracoding.achmadqiz.LoginTest@595b007d]" started-at="2026-05-25T04:19:54 WIB" name="testLoginUsernameKosong" description="TC_LOGIN_005 - Login gagal ketika username kosong" finished-at="2026-05-25T04:19:55 WIB" duration-ms="509" status="PASS">
          <reporter-output>
          </reporter-output>
        </test-method> <!-- testLoginUsernameKosong -->
        <test-method is-config="true" signature="tearDown()[pri:0, instance:juaracoding.achmadqiz.LoginTest@595b007d]" started-at="2026-05-25T04:19:55 WIB" name="tearDown" finished-at="2026-05-25T04:19:55 WIB" duration-ms="183" status="PASS">
          <reporter-output>
          </reporter-output>
        </test-method> <!-- tearDown -->
        <test-method is-config="true" signature="setUp()[pri:0, instance:juaracoding.achmadqiz.LoginTest@595b007d]" started-at="2026-05-25T04:19:55 WIB" name="setUp" finished-at="2026-05-25T04:19:56 WIB" duration-ms="1299" status="PASS">
          <reporter-output>
          </reporter-output>
        </test-method> <!-- setUp -->
        <test-method signature="testLoginPasswordKosong()[pri:6, instance:juaracoding.achmadqiz.LoginTest@595b007d]" started-at="2026-05-25T04:19:56 WIB" name="testLoginPasswordKosong" description="TC_LOGIN_006 - Login gagal ketika password kosong" finished-at="2026-05-25T04:19:57 WIB" duration-ms="571" status="PASS">
          <reporter-output>
          </reporter-output>
        </test-method> <!-- testLoginPasswordKosong -->
        <test-method is-config="true" signature="tearDown()[pri:0, instance:juaracoding.achmadqiz.LoginTest@595b007d]" started-at="2026-05-25T04:19:57 WIB" name="tearDown" finished-at="2026-05-25T04:19:57 WIB" duration-ms="202" status="PASS">
          <reporter-output>
          </reporter-output>
        </test-method> <!-- tearDown -->
        <test-method is-config="true" signature="setUp()[pri:0, instance:juaracoding.achmadqiz.LoginTest@595b007d]" started-at="2026-05-25T04:19:57 WIB" name="setUp" finished-at="2026-05-25T04:19:58 WIB" duration-ms="1345" status="PASS">
          <reporter-output>
          </reporter-output>
        </test-method> <!-- setUp -->
        <test-method signature="testLoginUsernameDanPasswordKosong()[pri:7, instance:juaracoding.achmadqiz.LoginTest@595b007d]" started-at="2026-05-25T04:19:58 WIB" name="testLoginUsernameDanPasswordKosong" description="TC_LOGIN_007 - Login gagal ketika username dan password kosong" finished-at="2026-05-25T04:19:59 WIB" duration-ms="515" status="PASS">
          <reporter-output>
          </reporter-output>
        </test-method> <!-- testLoginUsernameDanPasswordKosong -->
        <test-method is-config="true" signature="tearDown()[pri:0, instance:juaracoding.achmadqiz.LoginTest@595b007d]" started-at="2026-05-25T04:19:59 WIB" name="tearDown" finished-at="2026-05-25T04:19:59 WIB" duration-ms="163" status="PASS">
          <reporter-output>
          </reporter-output>
        </test-method> <!-- tearDown -->
        <test-method is-config="true" signature="setUp()[pri:0, instance:juaracoding.achmadqiz.LoginTest@595b007d]" started-at="2026-05-25T04:19:59 WIB" name="setUp" finished-at="2026-05-25T04:20:01 WIB" duration-ms="1417" status="PASS">
          <reporter-output>
          </reporter-output>
        </test-method> <!-- setUp -->
        <test-method signature="testLoginUsernameCaseSensitive()[pri:8, instance:juaracoding.achmadqiz.LoginTest@595b007d]" started-at="2026-05-25T04:20:01 WIB" name="testLoginUsernameCaseSensitive" description="TC_LOGIN_008 - Login gagal ketika username berbeda kapitalisasi" finished-at="2026-05-25T04:20:01 WIB" duration-ms="538" status="PASS">
          <reporter-output>
          </reporter-output>
        </test-method> <!-- testLoginUsernameCaseSensitive -->
        <test-method is-config="true" signature="tearDown()[pri:0, instance:juaracoding.achmadqiz.LoginTest@595b007d]" started-at="2026-05-25T04:20:01 WIB" name="tearDown" finished-at="2026-05-25T04:20:01 WIB" duration-ms="189" status="PASS">
          <reporter-output>
          </reporter-output>
        </test-method> <!-- tearDown -->
        <test-method is-config="true" signature="setUp()[pri:0, instance:juaracoding.achmadqiz.LoginTest@595b007d]" started-at="2026-05-25T04:20:01 WIB" name="setUp" finished-at="2026-05-25T04:20:03 WIB" duration-ms="1331" status="PASS">
          <reporter-output>
          </reporter-output>
        </test-method> <!-- setUp -->
        <test-method signature="testLoginPasswordCaseSensitive()[pri:9, instance:juaracoding.achmadqiz.LoginTest@595b007d]" started-at="2026-05-25T04:20:03 WIB" name="testLoginPasswordCaseSensitive" description="TC_LOGIN_009 - Login gagal ketika password berbeda kapitalisasi" finished-at="2026-05-25T04:20:03 WIB" duration-ms="653" status="PASS">
          <reporter-output>
          </reporter-output>
        </test-method> <!-- testLoginPasswordCaseSensitive -->
        <test-method is-config="true" signature="tearDown()[pri:0, instance:juaracoding.achmadqiz.LoginTest@595b007d]" started-at="2026-05-25T04:20:03 WIB" name="tearDown" finished-at="2026-05-25T04:20:03 WIB" duration-ms="172" status="PASS">
          <reporter-output>
          </reporter-output>
        </test-method> <!-- tearDown -->
        <test-method is-config="true" signature="setUp()[pri:0, instance:juaracoding.achmadqiz.LoginTest@595b007d]" started-at="2026-05-25T04:20:03 WIB" name="setUp" finished-at="2026-05-25T04:20:05 WIB" duration-ms="1345" status="PASS">
          <reporter-output>
          </reporter-output>
        </test-method> <!-- setUp -->
        <test-method signature="testLoginUsernameFormatEmailTidakTerdaftar()[pri:10, instance:juaracoding.achmadqiz.LoginTest@595b007d]" started-at="2026-05-25T04:20:05 WIB" name="testLoginUsernameFormatEmailTidakTerdaftar" description="TC_LOGIN_010 - Login gagal ketika username menggunakan format email tidak terdaftar" finished-at="2026-05-25T04:20:05 WIB" duration-ms="572" status="PASS">
          <reporter-output>
          </reporter-output>
        </test-method> <!-- testLoginUsernameFormatEmailTidakTerdaftar -->
        <test-method is-config="true" signature="tearDown()[pri:0, instance:juaracoding.achmadqiz.LoginTest@595b007d]" started-at="2026-05-25T04:20:05 WIB" name="tearDown" finished-at="2026-05-25T04:20:06 WIB" duration-ms="180" status="PASS">
          <reporter-output>
          </reporter-output>
        </test-method> <!-- tearDown -->
      </class> <!-- juaracoding.achmadqiz.LoginTest -->
    </test> <!-- Login Tests -->
    <test started-at="2026-05-25T04:20:06 WIB" name="Add to Cart Tests" finished-at="2026-05-25T04:20:26 WIB" duration-ms="20375">
      <class name="juaracoding.achmadqiz.AddToCartTest">
        <test-method is-config="true" signature="setUp()[pri:0, instance:juaracoding.achmadqiz.AddToCartTest@3c46e67a]" started-at="2026-05-25T04:20:06 WIB" name="setUp" finished-at="2026-05-25T04:20:07 WIB" duration-ms="1402" status="PASS">
          <reporter-output>
          </reporter-output>
        </test-method> <!-- setUp -->
        <test-method signature="testAddToCartPositif()[pri:1, instance:juaracoding.achmadqiz.AddToCartTest@3c46e67a]" started-at="2026-05-25T04:20:07 WIB" name="testAddToCartPositif" description="TC_INV_001 - Add to Cart berhasil dengan user valid" finished-at="2026-05-25T04:20:08 WIB" duration-ms="779" status="PASS">
          <reporter-output>
          </reporter-output>
        </test-method> <!-- testAddToCartPositif -->
        <test-method is-config="true" signature="tearDown()[pri:0, instance:juaracoding.achmadqiz.AddToCartTest@3c46e67a]" started-at="2026-05-25T04:20:08 WIB" name="tearDown" finished-at="2026-05-25T04:20:08 WIB" duration-ms="208" status="PASS">
          <reporter-output>
          </reporter-output>
        </test-method> <!-- tearDown -->
        <test-method is-config="true" signature="setUp()[pri:0, instance:juaracoding.achmadqiz.AddToCartTest@3c46e67a]" started-at="2026-05-25T04:20:08 WIB" name="setUp" finished-at="2026-05-25T04:20:09 WIB" duration-ms="1258" status="PASS">
          <reporter-output>
          </reporter-output>
        </test-method> <!-- setUp -->
        <test-method signature="testAddToCartNegatifAkunTerkunci()[pri:2, instance:juaracoding.achmadqiz.AddToCartTest@3c46e67a]" started-at="2026-05-25T04:20:09 WIB" name="testAddToCartNegatifAkunTerkunci" description="TC_INV_002 - Add to Cart gagal karena akun dikunci" finished-at="2026-05-25T04:20:12 WIB" duration-ms="2688" status="PASS">
          <reporter-output>
          </reporter-output>
        </test-method> <!-- testAddToCartNegatifAkunTerkunci -->
        <test-method is-config="true" signature="tearDown()[pri:0, instance:juaracoding.achmadqiz.AddToCartTest@3c46e67a]" started-at="2026-05-25T04:20:12 WIB" name="tearDown" finished-at="2026-05-25T04:20:12 WIB" duration-ms="300" status="PASS">
          <reporter-output>
          </reporter-output>
        </test-method> <!-- tearDown -->
        <test-method is-config="true" signature="setUp()[pri:0, instance:juaracoding.achmadqiz.AddToCartTest@3c46e67a]" started-at="2026-05-25T04:20:12 WIB" name="setUp" finished-at="2026-05-25T04:20:14 WIB" duration-ms="1325" status="PASS">
          <reporter-output>
          </reporter-output>
        </test-method> <!-- setUp -->
        <test-method signature="testAddToCartNegatifTanpaLogin()[pri:3, instance:juaracoding.achmadqiz.AddToCartTest@3c46e67a]" started-at="2026-05-25T04:20:14 WIB" name="testAddToCartNegatifTanpaLogin" description="TC_INV_003 - Add to Cart gagal karena belum login" finished-at="2026-05-25T04:20:14 WIB" duration-ms="237" status="PASS">
          <reporter-output>
          </reporter-output>
        </test-method> <!-- testAddToCartNegatifTanpaLogin -->
        <test-method is-config="true" signature="tearDown()[pri:0, instance:juaracoding.achmadqiz.AddToCartTest@3c46e67a]" started-at="2026-05-25T04:20:14 WIB" name="tearDown" finished-at="2026-05-25T04:20:14 WIB" duration-ms="180" status="PASS">
          <reporter-output>
          </reporter-output>
        </test-method> <!-- tearDown -->
        <test-method is-config="true" signature="setUp()[pri:0, instance:juaracoding.achmadqiz.AddToCartTest@3c46e67a]" started-at="2026-05-25T04:20:14 WIB" name="setUp" finished-at="2026-05-25T04:20:15 WIB" duration-ms="1327" status="PASS">
          <reporter-output>
          </reporter-output>
        </test-method> <!-- setUp -->
        <test-method signature="testAddDuaProdukKeCart()[pri:4, instance:juaracoding.achmadqiz.AddToCartTest@3c46e67a]" started-at="2026-05-25T04:20:15 WIB" name="testAddDuaProdukKeCart" description="TC_INV_004 - Add dua produk berhasil dan badge menjadi 2" finished-at="2026-05-25T04:20:16 WIB" duration-ms="956" status="PASS">
          <reporter-output>
          </reporter-output>
        </test-method> <!-- testAddDuaProdukKeCart -->
        <test-method is-config="true" signature="tearDown()[pri:0, instance:juaracoding.achmadqiz.AddToCartTest@3c46e67a]" started-at="2026-05-25T04:20:16 WIB" name="tearDown" finished-at="2026-05-25T04:20:16 WIB" duration-ms="188" status="PASS">
          <reporter-output>
          </reporter-output>
        </test-method> <!-- tearDown -->
        <test-method is-config="true" signature="setUp()[pri:0, instance:juaracoding.achmadqiz.AddToCartTest@3c46e67a]" started-at="2026-05-25T04:20:16 WIB" name="setUp" finished-at="2026-05-25T04:20:18 WIB" duration-ms="1415" status="PASS">
          <reporter-output>
          </reporter-output>
        </test-method> <!-- setUp -->
        <test-method signature="testRemoveProdukSetelahAddToCart()[pri:5, instance:juaracoding.achmadqiz.AddToCartTest@3c46e67a]" started-at="2026-05-25T04:20:18 WIB" name="testRemoveProdukSetelahAddToCart" description="TC_INV_005 - Remove produk dari cart berhasil" finished-at="2026-05-25T04:20:19 WIB" duration-ms="921" status="PASS">
          <reporter-output>
          </reporter-output>
        </test-method> <!-- testRemoveProdukSetelahAddToCart -->
        <test-method is-config="true" signature="tearDown()[pri:0, instance:juaracoding.achmadqiz.AddToCartTest@3c46e67a]" started-at="2026-05-25T04:20:19 WIB" name="tearDown" finished-at="2026-05-25T04:20:19 WIB" duration-ms="195" status="PASS">
          <reporter-output>
          </reporter-output>
        </test-method> <!-- tearDown -->
        <test-method is-config="true" signature="setUp()[pri:0, instance:juaracoding.achmadqiz.AddToCartTest@3c46e67a]" started-at="2026-05-25T04:20:19 WIB" name="setUp" finished-at="2026-05-25T04:20:20 WIB" duration-ms="1291" status="PASS">
          <reporter-output>
          </reporter-output>
        </test-method> <!-- setUp -->
        <test-method signature="testProdukTampilDiHalamanCart()[pri:6, instance:juaracoding.achmadqiz.AddToCartTest@3c46e67a]" started-at="2026-05-25T04:20:20 WIB" name="testProdukTampilDiHalamanCart" description="TC_INV_006 - Produk yang ditambahkan tampil di halaman cart" finished-at="2026-05-25T04:20:21 WIB" duration-ms="786" status="PASS">
          <reporter-output>
          </reporter-output>
        </test-method> <!-- testProdukTampilDiHalamanCart -->
        <test-method is-config="true" signature="tearDown()[pri:0, instance:juaracoding.achmadqiz.AddToCartTest@3c46e67a]" started-at="2026-05-25T04:20:21 WIB" name="tearDown" finished-at="2026-05-25T04:20:21 WIB" duration-ms="175" status="PASS">
          <reporter-output>
          </reporter-output>
        </test-method> <!-- tearDown -->
        <test-method is-config="true" signature="setUp()[pri:0, instance:juaracoding.achmadqiz.AddToCartTest@3c46e67a]" started-at="2026-05-25T04:20:21 WIB" name="setUp" finished-at="2026-05-25T04:20:22 WIB" duration-ms="1285" status="PASS">
          <reporter-output>
          </reporter-output>
        </test-method> <!-- setUp -->
        <test-method signature="testRemoveSatuDariDuaProduk()[pri:7, instance:juaracoding.achmadqiz.AddToCartTest@3c46e67a]" started-at="2026-05-25T04:20:22 WIB" name="testRemoveSatuDariDuaProduk" description="TC_INV_007 - Remove satu dari dua produk memperbarui badge cart" finished-at="2026-05-25T04:20:23 WIB" duration-ms="909" status="PASS">
          <reporter-output>
          </reporter-output>
        </test-method> <!-- testRemoveSatuDariDuaProduk -->
        <test-method is-config="true" signature="tearDown()[pri:0, instance:juaracoding.achmadqiz.AddToCartTest@3c46e67a]" started-at="2026-05-25T04:20:23 WIB" name="tearDown" finished-at="2026-05-25T04:20:24 WIB" duration-ms="214" status="PASS">
          <reporter-output>
          </reporter-output>
        </test-method> <!-- tearDown -->
        <test-method is-config="true" signature="setUp()[pri:0, instance:juaracoding.achmadqiz.AddToCartTest@3c46e67a]" started-at="2026-05-25T04:20:24 WIB" name="setUp" finished-at="2026-05-25T04:20:25 WIB" duration-ms="1316" status="PASS">
          <reporter-output>
          </reporter-output>
        </test-method> <!-- setUp -->
        <test-method signature="testCartKosongTanpaAddProduk()[pri:8, instance:juaracoding.achmadqiz.AddToCartTest@3c46e67a]" started-at="2026-05-25T04:20:25 WIB" name="testCartKosongTanpaAddProduk" description="TC_INV_008 - Cart kosong ketika belum ada produk ditambahkan" finished-at="2026-05-25T04:20:26 WIB" duration-ms="815" status="PASS">
          <reporter-output>
          </reporter-output>
        </test-method> <!-- testCartKosongTanpaAddProduk -->
        <test-method is-config="true" signature="tearDown()[pri:0, instance:juaracoding.achmadqiz.AddToCartTest@3c46e67a]" started-at="2026-05-25T04:20:26 WIB" name="tearDown" finished-at="2026-05-25T04:20:26 WIB" duration-ms="191" status="PASS">
          <reporter-output>
          </reporter-output>
        </test-method> <!-- tearDown -->
      </class> <!-- juaracoding.achmadqiz.AddToCartTest -->
    </test> <!-- Add to Cart Tests -->
  </suite> <!-- Suite Ujian Minggu 3 - achmadqiz -->
</testng-results>
