<?xml version="1.0" encoding="UTF-8"?>
<!-- Generated by org.testng.reporters.JUnitXMLReporter -->
<testsuite ignored="0" hostname="DESKTOP-QLQ9KE9" failures="0" tests="8" name="Add to Cart Tests" time="20.375" errors="0" timestamp="2026-05-25T04:20:26 WIB">
  <testcase classname="juaracoding.achmadqiz.AddToCartTest" name="testAddToCartPositif" time="0.779"/>
  <testcase classname="juaracoding.achmadqiz.AddToCartTest" name="testAddToCartNegatifAkunTerkunci" time="2.688"/>
  <testcase classname="juaracoding.achmadqiz.AddToCartTest" name="testAddToCartNegatifTanpaLogin" time="0.237"/>
  <testcase classname="juaracoding.achmadqiz.AddToCartTest" name="testAddDuaProdukKeCart" time="0.956"/>
  <testcase classname="juaracoding.achmadqiz.AddToCartTest" name="testRemoveProdukSetelahAddToCart" time="0.921"/>
  <testcase classname="juaracoding.achmadqiz.AddToCartTest" name="testProdukTampilDiHalamanCart" time="0.786"/>
  <testcase classname="juaracoding.achmadqiz.AddToCartTest" name="testRemoveSatuDariDuaProduk" time="0.909"/>
  <testcase classname="juaracoding.achmadqiz.AddToCartTest" name="testCartKosongTanpaAddProduk" time="0.815"/>
</testsuite> <!-- Add to Cart Tests -->
