<?xml version="1.0" encoding="UTF-8"?>
<!-- Generated by org.testng.reporters.JUnitXMLReporter -->
<testsuite ignored="0" hostname="DESKTOP-QLQ9KE9" failures="0" tests="10" name="Login Tests" time="22.34" errors="0" timestamp="2026-05-25T04:20:06 WIB">
  <testcase classname="juaracoding.achmadqiz.LoginTest" name="testLoginPositif" time="0.615"/>
  <testcase classname="juaracoding.achmadqiz.LoginTest" name="testLoginPasswordSalah" time="0.542"/>
  <testcase classname="juaracoding.achmadqiz.LoginTest" name="testLoginUsernameTidakTerdaftar" time="0.547"/>
  <testcase classname="juaracoding.achmadqiz.LoginTest" name="testLoginAkunTerkunci" time="0.562"/>
  <testcase classname="juaracoding.achmadqiz.LoginTest" name="testLoginUsernameKosong" time="0.509"/>
  <testcase classname="juaracoding.achmadqiz.LoginTest" name="testLoginPasswordKosong" time="0.571"/>
  <testcase classname="juaracoding.achmadqiz.LoginTest" name="testLoginUsernameDanPasswordKosong" time="0.515"/>
  <testcase classname="juaracoding.achmadqiz.LoginTest" name="testLoginUsernameCaseSensitive" time="0.538"/>
  <testcase classname="juaracoding.achmadqiz.LoginTest" name="testLoginPasswordCaseSensitive" time="0.653"/>
  <testcase classname="juaracoding.achmadqiz.LoginTest" name="testLoginUsernameFormatEmailTidakTerdaftar" time="0.572"/>
</testsuite> <!-- Login Tests -->
