<?xml version="1.0" encoding="UTF-8"?>
<!-- Generated by org.testng.reporters.JUnitReportReporter -->
<testsuite hostname="DESKTOP-QLQ9KE9" failures="0" tests="10" name="juaracoding.achmadqiz.LoginTest" time="22.264" errors="0" timestamp="2026-05-25T04:20:26 WIB" skipped="0">
  <testcase classname="juaracoding.achmadqiz.LoginTest" name="testLoginPositif" time="2.171"/>
  <testcase classname="juaracoding.achmadqiz.LoginTest" name="testLoginPasswordSalah" time="2.056"/>
  <testcase classname="juaracoding.achmadqiz.LoginTest" name="testLoginUsernameTidakTerdaftar" time="2.061"/>
  <testcase classname="juaracoding.achmadqiz.LoginTest" name="testLoginAkunTerkunci" time="2.102"/>
  <testcase classname="juaracoding.achmadqiz.LoginTest" name="testLoginUsernameKosong" time="3.412"/>
  <testcase classname="juaracoding.achmadqiz.LoginTest" name="testLoginPasswordKosong" time="2.097"/>
  <testcase classname="juaracoding.achmadqiz.LoginTest" name="testLoginUsernameDanPasswordKosong" time="2.121"/>
  <testcase classname="juaracoding.achmadqiz.LoginTest" name="testLoginUsernameCaseSensitive" time="2.028"/>
  <testcase classname="juaracoding.achmadqiz.LoginTest" name="testLoginPasswordCaseSensitive" time="2.153"/>
  <testcase classname="juaracoding.achmadqiz.LoginTest" name="testLoginUsernameFormatEmailTidakTerdaftar" time="2.063"/>
</testsuite> <!-- juaracoding.achmadqiz.LoginTest -->
