<?xml version="1.0" encoding="UTF-8"?>
<!-- Generated by org.testng.reporters.JUnitReportReporter -->
<testsuite hostname="DESKTOP-QLQ9KE9" failures="0" tests="8" name="juaracoding.achmadqiz.AddToCartTest" time="20.361" errors="0" timestamp="2026-05-25T04:20:26 WIB" skipped="0">
  <testcase classname="juaracoding.achmadqiz.AddToCartTest" name="testAddToCartPositif" time="2.212"/>
  <testcase classname="juaracoding.achmadqiz.AddToCartTest" name="testAddToCartNegatifAkunTerkunci" time="4.285"/>
  <testcase classname="juaracoding.achmadqiz.AddToCartTest" name="testAddToCartNegatifTanpaLogin" time="1.742"/>
  <testcase classname="juaracoding.achmadqiz.AddToCartTest" name="testAddDuaProdukKeCart" time="2.474"/>
  <testcase classname="juaracoding.achmadqiz.AddToCartTest" name="testRemoveProdukSetelahAddToCart" time="2.546"/>
  <testcase classname="juaracoding.achmadqiz.AddToCartTest" name="testProdukTampilDiHalamanCart" time="2.259"/>
  <testcase classname="juaracoding.achmadqiz.AddToCartTest" name="testRemoveSatuDariDuaProduk" time="2.532"/>
  <testcase classname="juaracoding.achmadqiz.AddToCartTest" name="testCartKosongTanpaAddProduk" time="2.311"/>
</testsuite> <!-- juaracoding.achmadqiz.AddToCartTest -->
